2016-08-03 10:34:29.9531 INFO 用户验证开始
2016-08-03 10:34:29.9711 INFO 用户:Joy
2016-08-03 10:34:31.5272 INFO 用户验证结束
2016-08-03 10:34:36.5765 INFO 充值开始
2016-08-03 10:34:36.5765 INFO 外部系统:Joy 供应商:Joy 请求数据:{'SupplierCode':'Joy','meterNo':'201603162336','money':'10','access_token':'Hp0a5IGrDktmTKbdpGrwevCOFDh8sKNDMNmLxYMh2TVFiVrRaDzN/1Ewzo94XxzX5RxnvRBswmHZ1u+YfqY74ftW9Z+fP8CZrfa98fT2FWnQ1PucTCiHvPdCAZ5aIw=='}
2016-08-03 10:39:28.5342 INFO 用户验证开始
2016-08-03 10:39:28.5432 INFO 用户:Joy
2016-08-03 10:39:30.2443 INFO 用户验证结束
2016-08-03 15:41:08.5337 INFO 用户验证开始
2016-08-03 15:41:08.5597 INFO 用户:Joy
2016-08-03 15:41:10.3588 INFO 用户验证结束
2016-08-03 15:41:12.4779 INFO 充值开始
2016-08-03 15:41:12.4779 INFO 外部系统:Joy 供应商:Joy 请求数据:{'SupplierCode':'Joy','meterNo':'201603162336','money':'10','access_token':'Sj3YjvkOqLucUp1zFGudwhQCNnpQp37RHvkM5EA140XFMt2swF+U4dWHHV64a2VZ77bGko527dE728QvXjWb6Q=='}
2016-08-03 15:42:34.5796 INFO 异常:输入字符串的格式不正确。
2016-08-03 15:42:34.5876 INFO 充值结束
2016-08-03 15:46:55.6365 INFO 用户验证开始
2016-08-03 15:46:55.6545 INFO 用户:Joy
2016-08-03 15:46:57.2146 INFO 用户验证结束
2016-08-03 15:46:57.8876 INFO 充值开始
2016-08-03 15:46:57.8876 INFO 外部系统:Joy 供应商:Joy 请求数据:{'SupplierCode':'Joy','meterNo':'201603162336','money':'20','access_token':'TYYZ63d+46zTo5/29cj9ZAX5D21vBM8rYKHO0ttJXAixRMOD48f/iGdhpjoI6R6Hq12X9FjfRTm4aTlaWhhPhA=='}
2016-08-03 15:47:00.7008 INFO {meterNo:'201603162336',money:'20.0',balance:'210.0'}
2016-08-03 15:47:00.7008 INFO 充值结束
