2016-08-15 10:50:29.6319 INFO 用户验证开始
2016-08-15 10:50:29.6619 INFO 用户:Joy
2016-08-15 10:50:31.5040 INFO 用户验证结束
2016-08-15 10:50:46.1588 INFO 发送短信开始
2016-08-15 10:50:46.1588 INFO 外部系统:Joy 供应商:Joy 请求数据:{'SupplierCode':'Joy','StartTime':'2016-08-10','EndTime':'2016-08-15'}
2016-08-15 10:50:47.3339 INFO 
2016-08-15 10:50:47.3339 INFO 发送短信结束
2016-08-15 16:23:15.4792 INFO 用户验证开始
2016-08-15 16:23:15.4832 INFO 用户:Joy
2016-08-15 16:23:15.5102 INFO 用户验证结束
2016-08-15 16:23:20.5565 INFO 发送短信开始
2016-08-15 16:23:20.5565 INFO 外部系统:Joy 供应商:Joy 请求数据:{'SupplierCode':'Joy','StartTime':'2016-08-11','EndTime':'2016-08-15'}
2016-08-15 16:23:21.1265 INFO 
2016-08-15 16:23:21.1265 INFO 发送短信结束
2016-08-15 17:38:32.6866 INFO 用户验证开始
2016-08-15 17:38:32.6906 INFO 用户:Joy
2016-08-15 17:38:32.7136 INFO 用户验证结束
2016-08-15 17:38:35.5148 INFO 发送短信开始
2016-08-15 17:38:35.5148 INFO 外部系统:Joy 供应商:Joy 请求数据:{'SupplierCode':'Joy','StartTime':'2016-08-11','EndTime':'2016-08-15'}
2016-08-15 17:38:35.9348 INFO 
2016-08-15 17:38:35.9348 INFO 发送短信结束
