2016-08-10 13:58:12.1934 INFO 用户验证开始
2016-08-10 13:58:12.2464 INFO 用户:Joy
2016-08-10 13:58:15.3906 INFO 用户验证结束
2016-08-10 13:59:05.8355 INFO 发送短信开始
2016-08-10 13:59:05.8385 INFO 外部系统:Joy 供应商:Joy 请求数据:{'SupplierCode':'Joy','meterNo':'201603162336'}
2016-08-10 13:59:27.4707 INFO 
2016-08-10 13:59:27.4737 INFO 发送短信结束
2016-08-10 13:59:59.7826 INFO 发送短信开始
2016-08-10 14:00:00.4046 INFO 外部系统:Joy 供应商:Joy 请求数据:{'SupplierCode':'Joy','meterNo':'201603162336'}
2016-08-10 14:01:23.8094 INFO 
2016-08-10 14:01:23.8214 INFO 发送短信结束
2016-08-10 14:01:27.0636 INFO 用户验证开始
2016-08-10 14:01:27.0636 INFO 用户:Joy
2016-08-10 14:01:27.0856 INFO 用户验证结束
2016-08-10 14:01:35.8551 INFO 发送短信开始
2016-08-10 14:01:35.8551 INFO 外部系统:Joy 供应商:Joy 请求数据:{'SupplierCode':'Joy','meterNo':'201603162336'}
2016-08-10 14:03:53.5549 INFO 
2016-08-10 14:03:53.5689 INFO 发送短信结束
2016-08-10 14:03:53.7199 INFO 发送短信开始
2016-08-10 14:03:53.7199 INFO 外部系统:Joy 供应商:Joy 请求数据:{'SupplierCode':'Joy','StartTime':'2016-08-03','EndTime':'2016-08-11'}
2016-08-10 14:03:55.2350 INFO 
2016-08-10 14:03:55.2350 INFO 发送短信结束
2016-08-10 14:33:19.4829 INFO 用户验证开始
2016-08-10 14:33:19.4829 INFO 用户:Joy
2016-08-10 14:33:19.5109 INFO 用户验证结束
2016-08-10 14:33:19.7600 INFO 发送短信开始
2016-08-10 14:33:19.7650 INFO 外部系统:Joy 供应商:Joy 请求数据:{'SupplierCode':'Joy','StartTime':'2016-08-03','EndTime':'2016-08-11'}
2016-08-10 14:33:26.7474 INFO 
2016-08-10 14:33:26.7514 INFO 发送短信结束
2016-08-10 14:44:49.4054 INFO 发送短信开始
2016-08-10 14:44:49.4124 INFO 外部系统:Joy 供应商:Joy 请求数据:{'SupplierCode':'Joy','StartTime':'2016-08-03','EndTime':'2016-08-11'}
2016-08-10 14:44:55.4927 INFO 
2016-08-10 14:44:55.4957 INFO 发送短信结束
2016-08-10 16:19:25.8471 INFO 用户验证开始
2016-08-10 16:19:25.9361 INFO 用户:Joy
2016-08-10 16:19:29.2283 INFO 用户验证结束
2016-08-10 16:19:49.9335 INFO 用户验证开始
2016-08-10 16:19:49.9555 INFO 用户:Joy
2016-08-10 16:19:51.7966 INFO 用户验证结束
2016-08-10 16:19:54.0298 INFO 发送短信开始
2016-08-10 16:19:54.0298 INFO 外部系统:Joy 供应商:Joy 请求数据:{'SupplierCode':'Joy','StartTime':'2016-08-09','EndTime':'2016-08-10'}
2016-08-10 16:19:56.1249 INFO 
2016-08-10 16:19:56.1249 INFO 发送短信结束
2016-08-10 16:29:43.5595 INFO 发送短信开始
2016-08-10 16:29:43.5595 INFO 外部系统:Joy 供应商:Joy 请求数据:{'SupplierCode':'Joy','StartTime':'2016-08-09','EndTime':'2016-08-10'}
2016-08-10 16:29:44.8866 INFO 
2016-08-10 16:29:44.8866 INFO 发送短信结束
