2016-08-05 10:17:24.6466 INFO 用户验证开始
2016-08-05 10:17:24.6616 INFO 用户:Joy
2016-08-05 10:17:26.3707 INFO 用户验证结束
2016-08-05 10:17:28.7329 INFO 充值开始
2016-08-05 10:17:28.7329 INFO 外部系统:Joy 供应商:Joy 请求数据:{'SupplierCode':'Joy','meterNo':'201603162336','money':'10'}
2016-08-05 10:17:28.8869 INFO 异常:无效的语法。
2016-08-05 10:17:28.8869 INFO 充值结束
2016-08-05 10:19:14.3899 INFO 用户验证开始
2016-08-05 10:19:14.4059 INFO 用户:Joy
2016-08-05 10:19:15.9060 INFO 用户验证结束
2016-08-05 10:20:24.0119 INFO 充值开始
2016-08-05 10:20:24.0149 INFO 外部系统:Joy 供应商:Joy 请求数据:{'SupplierCode':'Joy','meterNo':'201603162336','money':'10'}
2016-08-05 10:20:24.1119 INFO 异常:无效的语法。
2016-08-05 10:20:24.1119 INFO 充值结束
2016-08-05 10:21:11.8330 INFO 充值开始
2016-08-05 10:21:12.2140 INFO 外部系统:Joy 供应商:Joy 请求数据:{'SupplierCode':'Joy','meterNo':'201603162336','money':'10'}
2016-08-05 10:21:38.7716 INFO 异常:无效的语法。
2016-08-05 10:21:38.7716 INFO 充值结束
2016-08-05 10:21:49.5862 INFO 用户验证开始
2016-08-05 10:21:49.5892 INFO 用户:Joy
2016-08-05 10:21:49.6222 INFO 用户验证结束
2016-08-05 10:21:58.0847 INFO 充值开始
2016-08-05 10:21:58.0947 INFO 外部系统:Joy 供应商:Joy 请求数据:{'SupplierCode':'Joy','meterNo':'201603162336','money':'10'}
2016-08-05 10:32:23.2724 INFO 充值开始
2016-08-05 10:32:23.4794 INFO 外部系统:Joy 供应商:Joy 请求数据:{'SupplierCode':'Joy','meterNo':'201603162336','money':'10'}
2016-08-05 10:36:05.0101 INFO 充值开始
2016-08-05 10:36:05.0271 INFO 外部系统:Joy 供应商:Joy 请求数据:{'SupplierCode':'Joy','meterNo':'201603162336','money':'10'}
2016-08-05 10:36:22.7121 INFO 更新条目时出错。有关详细信息，请参见内部异常。
2016-08-05 10:36:22.7321 INFO 充值结束
2016-08-05 10:36:37.9770 INFO 充值开始
2016-08-05 10:36:37.9770 INFO 外部系统:Joy 供应商:Joy 请求数据:{'SupplierCode':'Joy','meterNo':'201603162336','money':'10'}
2016-08-05 10:36:39.6021 INFO 更新条目时出错。有关详细信息，请参见内部异常。
2016-08-05 10:36:39.6191 INFO 充值结束
2016-08-05 10:37:05.6736 INFO 用户验证开始
2016-08-05 10:37:05.6796 INFO 用户:Joy
2016-08-05 10:37:05.7226 INFO 用户验证结束
2016-08-05 10:37:07.9627 INFO 充值开始
2016-08-05 10:37:07.9627 INFO 外部系统:Joy 供应商:Joy 请求数据:{'SupplierCode':'Joy','meterNo':'201603162336','money':'10'}
2016-08-05 10:37:10.1588 INFO 更新条目时出错。有关详细信息，请参见内部异常。
2016-08-05 10:37:10.1588 INFO 充值结束
2016-08-05 10:37:47.4890 INFO 充值开始
2016-08-05 10:37:47.4890 INFO 外部系统:Joy 供应商:Joy 请求数据:{'SupplierCode':'Joy','meterNo':'201603162336','money':'10'}
2016-08-05 10:42:49.3452 INFO 用户验证开始
2016-08-05 10:42:49.3622 INFO 用户:Joy
2016-08-05 10:42:50.7773 INFO 用户验证结束
2016-08-05 10:42:54.7185 INFO 充值开始
2016-08-05 10:42:54.7185 INFO 外部系统:Joy 供应商:Joy 请求数据:{'SupplierCode':'Joy','meterNo':'201603162336','money':'10'}
2016-08-05 10:43:01.7950 INFO 更新条目时出错。有关详细信息，请参见内部异常。
2016-08-05 10:43:01.7950 INFO 充值结束
2016-08-05 10:43:21.3781 INFO 充值开始
2016-08-05 10:43:21.3781 INFO 外部系统:Joy 供应商:Joy 请求数据:{'SupplierCode':'Joy','meterNo':'201603162336','money':'10'}
2016-08-05 10:45:28.1133 INFO 更新条目时出错。有关详细信息，请参见内部异常。
2016-08-05 10:45:28.1133 INFO 充值结束
2016-08-05 10:45:28.1483 INFO 用户验证开始
2016-08-05 10:45:28.1483 INFO 用户:Joy
2016-08-05 10:45:28.2063 INFO 用户名或密码错误
2016-08-05 10:45:39.2690 INFO 用户验证开始
2016-08-05 10:45:39.2780 INFO 用户:Joy
2016-08-05 10:45:39.3010 INFO 用户验证结束
2016-08-05 10:45:41.7821 INFO 充值开始
2016-08-05 10:45:41.8011 INFO 外部系统:Joy 供应商:Joy 请求数据:{'SupplierCode':'Joy','meterNo':'201603162336','money':'10'}
2016-08-05 10:47:15.6115 INFO 更新条目时出错。有关详细信息，请参见内部异常。
2016-08-05 10:47:15.6385 INFO 充值结束
2016-08-05 10:47:21.1538 INFO 充值开始
2016-08-05 10:47:21.1538 INFO 外部系统:Joy 供应商:Joy 请求数据:{'SupplierCode':'Joy','meterNo':'201603162336','money':'10'}
2016-08-05 10:47:28.4492 INFO 
2016-08-05 10:47:28.4492 INFO 充值结束
2016-08-05 11:06:03.5790 INFO 用户验证开始
2016-08-05 11:06:03.5950 INFO 用户:Joy
2016-08-05 11:06:05.2511 INFO 用户验证结束
2016-08-05 11:06:08.8583 INFO 充值开始
2016-08-05 11:06:08.8613 INFO 外部系统:Joy 供应商:Joy 请求数据:{'SupplierCode':'Joy','meterNo':'201603162336','money':'10'}
2016-08-05 11:06:09.9023 INFO 
2016-08-05 11:06:09.9063 INFO 充值结束
2016-08-05 11:06:24.1402 INFO 退费开始
2016-08-05 11:06:24.1402 INFO 外部系统:Joy 供应商:Joy 请求数据:{'SupplierCode':'Joy','meterNo':'201603162336','money':'10'}
2016-08-05 11:06:24.2742 INFO 
2016-08-05 11:06:24.2742 INFO 退费结束
2016-08-05 11:07:10.0248 INFO 用户验证开始
2016-08-05 11:07:10.0248 INFO 用户:Joy
2016-08-05 11:07:10.0498 INFO 用户名或密码错误
2016-08-05 11:07:30.8090 INFO 用户验证开始
2016-08-05 11:07:30.8090 INFO 用户:Joy
2016-08-05 11:07:30.8360 INFO 用户验证结束
2016-08-05 11:07:31.7760 INFO 退费开始
2016-08-05 11:07:31.7760 INFO 外部系统:Joy 供应商:Joy 请求数据:{'SupplierCode':'Joy','meterNo':'201603162336','money':'10'}
2016-08-05 11:07:31.9710 INFO 
2016-08-05 11:07:31.9710 INFO 退费结束
2016-08-05 11:08:21.4759 INFO 退费开始
2016-08-05 11:08:21.4799 INFO 外部系统:Joy 供应商:Joy 请求数据:{'SupplierCode':'Joy','meterNo':'201603162336','money':'-10'}
2016-08-05 11:08:21.6639 INFO 异常:Unexpected character encountered while parsing value: 输. Path '', line 0, position 0.
2016-08-05 11:08:21.6639 INFO 退费结束
2016-08-05 11:08:38.7159 INFO 用户验证开始
2016-08-05 11:08:38.7159 INFO 用户:Joy
2016-08-05 11:08:38.7429 INFO 用户验证结束
2016-08-05 11:08:39.8919 INFO 退费开始
2016-08-05 11:08:39.8919 INFO 外部系统:Joy 供应商:Joy 请求数据:{'SupplierCode':'Joy','meterNo':'201603162336','money':'20'}
2016-08-05 11:08:40.0949 INFO 
2016-08-05 11:08:40.0949 INFO 退费结束
2016-08-05 11:10:06.8149 INFO 充值开始
2016-08-05 11:10:07.0079 INFO 外部系统:Joy 供应商:Joy 请求数据:{'SupplierCode':'Joy','meterNo':'201603162336','money':'10'}
2016-08-05 11:10:24.4649 INFO 
2016-08-05 11:10:24.4699 INFO 充值结束
2016-08-05 11:10:42.1139 INFO 用户验证开始
2016-08-05 11:10:42.1139 INFO 用户:Joy
2016-08-05 11:10:42.1399 INFO 用户验证结束
2016-08-05 11:10:48.8053 INFO 退费开始
2016-08-05 11:10:49.2863 INFO 外部系统:Joy 供应商:Joy 请求数据:{'SupplierCode':'Joy','meterNo':'201603162336','money':'20'}
2016-08-05 11:11:39.0222 INFO 
2016-08-05 11:11:39.0222 INFO 退费结束
2016-08-05 11:12:16.0483 INFO 发送短信开始
2016-08-05 11:12:16.2763 INFO 外部系统:Joy 供应商:Joy 请求数据:{'SupplierCode':'Joy','meterNo':'201603162336'}
2016-08-05 11:12:40.7297 INFO 
2016-08-05 11:12:40.7427 INFO 发送短信结束
2016-08-05 11:13:35.0418 INFO 用户验证开始
2016-08-05 11:13:35.0418 INFO 用户:Joy
2016-08-05 11:13:35.0668 INFO 用户验证结束
2016-08-05 11:13:39.9491 INFO 发送短信开始
2016-08-05 11:13:40.3661 INFO 外部系统:Joy 供应商:Joy 请求数据:{'SupplierCode':'Joy','meterNo':'201603162336'}
2016-08-05 11:18:08.1574 INFO 发送短信开始
2016-08-05 11:18:08.1664 INFO 外部系统:Joy 供应商:Joy 请求数据:{'SupplierCode':'Joy','meterNo':'201603162336'}
2016-08-05 11:20:44.4314 INFO 用户验证开始
2016-08-05 11:20:44.4504 INFO 用户:Joy
2016-08-05 11:20:45.9255 INFO 用户验证结束
2016-08-05 11:20:52.9169 INFO 发送短信开始
2016-08-05 11:20:52.9209 INFO 外部系统:Joy 供应商:Joy 请求数据:{'SupplierCode':'Joy','meterNo':'201603162336'}
2016-08-05 11:21:35.1184 INFO 异常:Could not convert string to integer: CB20160805112031. Path '[0].operate_id', line 4, position 37.
2016-08-05 11:21:35.1244 INFO 发送短信结束
2016-08-05 11:21:41.2827 INFO 发送短信开始
2016-08-05 11:21:41.2887 INFO 外部系统:Joy 供应商:Joy 请求数据:{'SupplierCode':'Joy','meterNo':'201603162336'}
2016-08-05 11:24:29.3413 INFO 用户验证开始
2016-08-05 11:24:29.3503 INFO 用户:Joy
2016-08-05 11:24:30.8494 INFO 用户验证结束
2016-08-05 11:24:36.2647 INFO 发送短信开始
2016-08-05 11:24:36.2647 INFO 外部系统:Joy 供应商:Joy 请求数据:{'SupplierCode':'Joy','meterNo':'201603162336'}
2016-08-05 11:26:39.2728 INFO 发送短信开始
2016-08-05 11:26:39.2818 INFO 外部系统:Joy 供应商:Joy 请求数据:{'SupplierCode':'Joy','meterNo':'201603162336'}
2016-08-05 11:27:15.5738 INFO 异常:Error reading date. Unexpected token: Integer. Path '[0].operate_time', line 27, position 34.
2016-08-05 11:27:15.5738 INFO 发送短信结束
2016-08-05 11:28:09.3979 INFO 用户验证开始
2016-08-05 11:28:09.4159 INFO 用户:Joy
2016-08-05 11:28:10.9280 INFO 用户验证结束
2016-08-05 11:28:15.2672 INFO 发送短信开始
2016-08-05 11:28:15.2672 INFO 外部系统:Joy 供应商:Joy 请求数据:{'SupplierCode':'Joy','meterNo':'201603162336'}
2016-08-05 11:29:06.5172 INFO 
2016-08-05 11:29:06.5172 INFO 发送短信结束
2016-08-05 11:30:42.9307 INFO 发送短信开始
2016-08-05 11:30:43.1417 INFO 外部系统:Joy 供应商:Joy 请求数据:{'SupplierCode':'Joy','startDate':'2016-08-04','endDate':'2016-08-05'}
2016-08-05 11:31:24.1200 INFO 异常:Cannot deserialize the current JSON object (e.g. {"name":"value"}) into type 'System.Collections.Generic.List`1[Vlinker.SmartHome.Model.Hydropower.JoyData]' because the type requires a JSON array (e.g. [1,2,3]) to deserialize correctly.
To fix this error either change the JSON to a JSON array (e.g. [1,2,3]) or change the deserialized type so that it is a normal .NET type (e.g. not a primitive type like integer, not a collection type like an array or List<T>) that can be deserialized from a JSON object. JsonObjectAttribute can also be added to the type to force it to deserialize from a JSON object.
Path 'readInfo', line 2, position 14.
2016-08-05 11:31:24.1200 INFO 发送短信结束
2016-08-05 11:32:04.9534 INFO 用户验证开始
2016-08-05 11:32:04.9534 INFO 用户:Joy
2016-08-05 11:32:04.9854 INFO 用户验证结束
2016-08-05 11:32:10.3877 INFO 发送短信开始
2016-08-05 11:32:10.3917 INFO 外部系统:Joy 供应商:Joy 请求数据:{'SupplierCode':'Joy','startDate':'2016-08-04','endDate':'2016-08-05'}
2016-08-05 11:32:31.4649 INFO 异常:Cannot deserialize the current JSON object (e.g. {"name":"value"}) into type 'System.Collections.Generic.List`1[Vlinker.SmartHome.Model.Hydropower.JoyData]' because the type requires a JSON array (e.g. [1,2,3]) to deserialize correctly.
To fix this error either change the JSON to a JSON array (e.g. [1,2,3]) or change the deserialized type so that it is a normal .NET type (e.g. not a primitive type like integer, not a collection type like an array or List<T>) that can be deserialized from a JSON object. JsonObjectAttribute can also be added to the type to force it to deserialize from a JSON object.
Path 'readInfo', line 2, position 14.
2016-08-05 11:32:31.4649 INFO 发送短信结束
2016-08-05 11:32:44.3316 INFO 发送短信开始
2016-08-05 11:32:44.3376 INFO 外部系统:Joy 供应商:Joy 请求数据:{'SupplierCode':'Joy','startDate':'2015-06-09','endDate':'2016-08-05'}
2016-08-05 11:32:56.2753 INFO 异常:Cannot deserialize the current JSON object (e.g. {"name":"value"}) into type 'System.Collections.Generic.List`1[Vlinker.SmartHome.Model.Hydropower.JoyData]' because the type requires a JSON array (e.g. [1,2,3]) to deserialize correctly.
To fix this error either change the JSON to a JSON array (e.g. [1,2,3]) or change the deserialized type so that it is a normal .NET type (e.g. not a primitive type like integer, not a collection type like an array or List<T>) that can be deserialized from a JSON object. JsonObjectAttribute can also be added to the type to force it to deserialize from a JSON object.
Path 'readInfo', line 2, position 14.
2016-08-05 11:32:56.2753 INFO 发送短信结束
2016-08-05 11:34:07.4584 INFO 用户验证开始
2016-08-05 11:34:07.4584 INFO 用户:Joy
2016-08-05 11:34:07.4844 INFO 用户验证结束
2016-08-05 11:34:09.4605 INFO 发送短信开始
2016-08-05 11:34:09.4665 INFO 外部系统:Joy 供应商:Joy 请求数据:{'SupplierCode':'Joy','startDate':'2016-08-03','endDate':'2016-08-06'}
2016-08-05 11:35:42.0638 INFO 异常:Cannot deserialize the current JSON object (e.g. {"name":"value"}) into type 'System.Collections.Generic.List`1[Vlinker.SmartHome.Model.Hydropower.JoyData]' because the type requires a JSON array (e.g. [1,2,3]) to deserialize correctly.
To fix this error either change the JSON to a JSON array (e.g. [1,2,3]) or change the deserialized type so that it is a normal .NET type (e.g. not a primitive type like integer, not a collection type like an array or List<T>) that can be deserialized from a JSON object. JsonObjectAttribute can also be added to the type to force it to deserialize from a JSON object.
Path 'readInfo', line 2, position 14.
2016-08-05 11:35:42.0678 INFO 发送短信结束
2016-08-05 11:53:44.6027 INFO 发送短信开始
2016-08-05 11:53:44.6077 INFO 外部系统:Joy 供应商:Joy 请求数据:{'SupplierCode':'Joy','startDate':'2016-08-03','endDate':'2016-08-06'}
2016-08-05 11:54:14.3064 INFO 异常:Cannot deserialize the current JSON object (e.g. {"name":"value"}) into type 'System.Collections.Generic.List`1[Vlinker.SmartHome.Model.Hydropower.JoyData]' because the type requires a JSON array (e.g. [1,2,3]) to deserialize correctly.
To fix this error either change the JSON to a JSON array (e.g. [1,2,3]) or change the deserialized type so that it is a normal .NET type (e.g. not a primitive type like integer, not a collection type like an array or List<T>) that can be deserialized from a JSON object. JsonObjectAttribute can also be added to the type to force it to deserialize from a JSON object.
Path 'readInfo', line 2, position 14.
2016-08-05 11:54:14.3104 INFO 发送短信结束
2016-08-05 11:54:43.2411 INFO 发送短信开始
2016-08-05 11:54:45.2922 INFO 外部系统:Joy 供应商:Joy 请求数据:{'SupplierCode':'Joy','startDate':'2016-08-03','endDate':'2016-08-06'}
2016-08-05 11:56:55.7787 INFO 用户验证开始
2016-08-05 11:56:55.7877 INFO 用户:Joy
2016-08-05 11:56:57.4117 INFO 用户验证结束
2016-08-05 11:57:01.8340 INFO 发送短信开始
2016-08-05 11:57:01.8380 INFO 外部系统:Joy 供应商:Joy 请求数据:{'SupplierCode':'Joy','StartDate':'2016-08-03','EndDate':'2016-08-06'}
2016-08-05 14:00:59.3308 INFO 用户验证开始
2016-08-05 14:00:59.4238 INFO 用户:Joy
2016-08-05 14:01:03.8510 INFO 用户验证结束
2016-08-05 14:01:10.5454 INFO 发送短信开始
2016-08-05 14:01:10.5454 INFO 外部系统:Joy 供应商:Joy 请求数据:{'SupplierCode':'Joy','StartTime':'2016-08-03','EndTime':'2016-08-06'}
2016-08-05 14:01:39.2941 INFO 异常:Cannot deserialize the current JSON object (e.g. {"name":"value"}) into type 'System.Collections.Generic.List`1[Vlinker.SmartHome.Model.Hydropower.JoyData]' because the type requires a JSON array (e.g. [1,2,3]) to deserialize correctly.
To fix this error either change the JSON to a JSON array (e.g. [1,2,3]) or change the deserialized type so that it is a normal .NET type (e.g. not a primitive type like integer, not a collection type like an array or List<T>) that can be deserialized from a JSON object. JsonObjectAttribute can also be added to the type to force it to deserialize from a JSON object.
Path 'readInfo', line 2, position 14.
2016-08-05 14:01:39.3101 INFO 发送短信结束
2016-08-05 14:01:53.9349 INFO 发送短信开始
2016-08-05 14:01:53.9589 INFO 外部系统:Joy 供应商:Joy 请求数据:{'SupplierCode':'Joy','meterNo':'201603162336'}
2016-08-05 14:02:14.4741 INFO 
2016-08-05 14:02:14.4741 INFO 发送短信结束
2016-08-05 14:02:19.5554 INFO 用户验证开始
2016-08-05 14:02:19.5604 INFO 用户:Joy
2016-08-05 14:02:19.5854 INFO 用户验证结束
2016-08-05 14:02:22.9956 INFO 发送短信开始
2016-08-05 14:02:22.9956 INFO 外部系统:Joy 供应商:Joy 请求数据:{'SupplierCode':'Joy','StartTime':'2016-08-03','EndTime':'2016-08-06'}
2016-08-05 14:07:03.9926 INFO 发送短信开始
2016-08-05 14:07:04.0016 INFO 外部系统:Joy 供应商:Joy 请求数据:{'SupplierCode':'Joy','StartTime':'2016-08-03','EndTime':'2016-08-06'}
2016-08-05 14:08:00.5429 INFO 
2016-08-05 14:08:01.8710 INFO 发送短信结束
